{"numTotalTestSuites":5,"numPassedTestSuites":2,"numFailedTestSuites":3,"numPendingTestSuites":0,"numTotalTests":11,"numPassedTests":2,"numFailedTests":9,"numPendingTests":0,"numTodoTests":0,"snapshot":{"added":0,"failure":false,"filesAdded":0,"filesRemoved":0,"filesRemovedList":[],"filesUnmatched":0,"filesUpdated":0,"matched":0,"total":0,"unchecked":0,"uncheckedKeysByFile":[],"unmatched":0,"updated":0,"didUpdate":false},"startTime":1786462549810,"success":false,"testResults":[{"assertionResults":[{"ancestorTitles":["NodeEditorDialog ÔÇö Structure tab"],"fullName":"NodeEditorDialog ÔÇö Structure tab displays parent info and root case","status":"failed","title":"displays parent info and root case","duration":33.70240000000001,"failureMessages":["Error: Invalid Chai property: toBeInTheDocument\n    at Object.proxyGetter [as get] (file:///F:/Kernschmied/frontend/node_modules/chai/index.js:1639:17)\n    at F:\\Kernschmied\\frontend\\src\\components\\hierarchy\\__tests__\\NodeEditorDialog.spec.tsx:68:44\n    at file:///F:/Kernschmied/frontend/node_modules/@vitest/runner/dist/chunk-hooks.js:155:11\n    at file:///F:/Kernschmied/frontend/node_modules/@vitest/runner/dist/chunk-hooks.js:752:26\n    at file:///F:/Kernschmied/frontend/node_modules/@vitest/runner/dist/chunk-hooks.js:1897:20\n    at new Promise (<anonymous>)\n    at runWithTimeout (file:///F:/Kernschmied/frontend/node_modules/@vitest/runner/dist/chunk-hooks.js:1863:10)\n    at runTest (file:///F:/Kernschmied/frontend/node_modules/@vitest/runner/dist/chunk-hooks.js:1574:12)\n    at processTicksAndRejections (node:internal/process/task_queues:105:5)\n    at runSuite (file:///F:/Kernschmied/frontend/node_modules/@vitest/runner/dist/chunk-hooks.js:1729:8)"],"meta":{}},{"ancestorTitles":["NodeEditorDialog ÔÇö Structure tab"],"fullName":"NodeEditorDialog ÔÇö Structure tab shows allowed_child_types from schema","status":"failed","title":"shows allowed_child_types from schema","duration":9.286799999999971,"failureMessages":["TestingLibraryElementError: Found multiple elements with the text: workspace\n\nHere are the matching elements:\n\nIgnored nodes: comments, script, style\n\u001b[36m<div\u001b[39m\n  \u001b[33mclass\u001b[39m=\u001b[32m\"text-sm\"\u001b[39m\n\u001b[36m>\u001b[39m\n  \u001b[0mworkspace\u001b[0m\n\u001b[36m</div>\u001b[39m\n\nIgnored nodes: comments, script, style\n\u001b[36m<span\u001b[39m\n  \u001b[33mclass\u001b[39m=\u001b[32m\"px-2 py-0.5 bg-slate-100 rounded text-sm\"\u001b[39m\n\u001b[36m>\u001b[39m\n  \u001b[0mworkspace\u001b[0m\n\u001b[36m</span>\u001b[39m\n\n(If this is intentional, then use the `*AllBy*` variant of the query (like `queryAllByText`, `getAllByText`, or `findAllByText`)).\n\nIgnored nodes: comments, script, style\n\u001b[36m<body>\u001b[39m\n  \u001b[36m<div>\u001b[39m\n    \u001b[36m<div\u001b[39m\n      \u001b[33mclass\u001b[39m=\u001b[32m\"fixed inset-0 z-50 flex items-center justify-center\"\u001b[39m\n    \u001b[36m>\u001b[39m\n      \u001b[36m<div\u001b[39m\n        \u001b[33mclass\u001b[39m=\u001b[32m\"absolute inset-0 bg-black/40\"\u001b[39m\n      \u001b[36m/>\u001b[39m\n      \u001b[36m<div\u001b[39m\n        \u001b[33mclass\u001b[39m=\u001b[32m\"relative z-50 w-[90%] max-w-2xl rounded bg-white p-4 dark:bg-slate-900\"\u001b[39m\n      \u001b[36m>\u001b[39m\n        \u001b[36m<h2\u001b[39m\n          \u001b[33mclass\u001b[39m=\u001b[32m\"text-lg font-semibold mb-2\"\u001b[39m\n        \u001b[36m>\u001b[39m\n          \u001b[0mKnoten bearbeiten\u001b[0m\n        \u001b[36m</h2>\u001b[39m\n        \u001b[36m<div\u001b[39m\n          \u001b[33mclass\u001b[39m=\u001b[32m\"mb-3\"\u001b[39m\n        \u001b[36m>\u001b[39m\n          \u001b[36m<nav\u001b[39m\n            \u001b[33mclass\u001b[39m=\u001b[32m\"flex gap-2\"\u001b[39m\n          \u001b[36m>\u001b[39m\n            \u001b[36m<button\u001b[39m\n              \u001b[33mclass\u001b[39m=\u001b[32m\"px-3 py-1 rounded \"\u001b[39m\n            \u001b[36m>\u001b[39m\n              \u001b[0mAllgemein\u001b[0m\n            \u001b[36m</button>\u001b[39m\n            \u001b[36m<button\u001b[39m\n              \u001b[33mclass\u001b[39m=\u001b[32m\"px-3 py-1 rounded bg-slate-200\"\u001b[39m\n            \u001b[36m>\u001b[39m\n              \u001b[0mStruktur\u001b[0m\n            \u001b[36m</button>\u001b[39m\n          \u001b[36m</nav>\u001b[39m\n        \u001b[36m</div>\u001b[39m\n        \u001b[36m<div\u001b[39m\n          \u001b[33mclass\u001b[39m=\u001b[32m\"space-y-3\"\u001b[39m\n        \u001b[36m>\u001b[39m\n          \u001b[36m<div>\u001b[39m\n            \u001b[36m<label\u001b[39m\n              \u001b[33mclass\u001b[39m=\u001b[32m\"block mb-1 font-medium\"\u001b[39m\n            \u001b[36m>\u001b[39m\n              \u001b[0mParent\u001b[0m\n            \u001b[36m</label>\u001b[39m\n            \u001b[36m<div\u001b[39m\n              \u001b[33mclass\u001b[39m=\u001b[32m\"text-sm\"\u001b[39m\n            \u001b[36m>\u001b[39m\n              \u001b[36m<div>\u001b[39m\n                \u001b[0mID: \u001b[0m\n                \u001b[0mparent-1\u001b[0m\n              \u001b[36m</div>\u001b[39m\n              \u001b[36m<div>\u001b[39m\n                \u001b[0mName: \u001b[0m\n                \u001b[0mÔÇö\u001b[0m\n              \u001b[36m</div>\u001b[39m\n              \u001b[36m<div>\u001b[39m\n                \u001b[0mTyp: \u001b[0m\n                \u001b[0mÔÇö\u001b[0m\n              \u001b[36m</div>\u001b[39m\n            \u001b[36m</div>\u001b[39m\n          \u001b[36m</div>\u001b[39m\n          \u001b[36m<div>\u001b[39m\n            \u001b[36m<label\u001b[39m\n              \u001b[33mclass\u001b[39m=\u001b[32m\"block mb-1 font-medium\"\u001b[39m\n            \u001b[36m>\u001b[39m\n              \u001b[0mAktueller Knotentyp\u001b[0m\n            \u001b[36m</label>\u001b[39m\n            \u001b[36m<div\u001b[39m\n              \u001b[33mclass\u001b[39m=\u001b[32m\"text-sm\"\u001b[39m\n            \u001b[36m>\u001b[39m\n              \u001b[0mworkspace\u001b[0m\n            \u001b[36m</div>\u001b[39m\n          \u001b[36m</div>\u001b[39m\n          \u001b[36m<div>\u001b[39m\n            \u001b[36m<label\u001b[39m\n              \u001b[33mclass\u001b[39m=\u001b[32m\"block mb-1 font-medium\"\u001b[39m\n            \u001b[36m>\u001b[39m\n              \u001b[0mErlaubte Kindtypen\u001b[0m\n            \u001b[36m</label>\u001b[39m\n            \u001b[36m<div\u001b[39m\n              \u001b[33mclass\u001b[39m=\u001b[32m\"flex gap-2 flex-wrap\"\u001b[39m\n            \u001b[36m>\u001b[39m\n              \u001b[36m<span\u001b[39m\n                \u001b[33mclass\u001b[39m=\u001b[32m\"px-2 py-0.5 bg-slate-100 rounded text-sm\"\u001b[39m\n              \u001b[36m>\u001b[39m\n                \u001b[0mworkspace\u001b[0m\n              \u001b[36m</span>\u001b[39m\n              \u001b[36m<span\u001b[39m\n                \u001b[33mclass\u001b[39m=\u001b[32m\"px-2 py-0.5 bg-slate-100 rounded text-sm\"\u001b[39m\n              \u001b[36m>\u001b[39m\n                \u001b[0mproject\u001b[0m\n              \u001b[36m</span>\u001b[39m\n              \u001b[36m<span\u001b[39m\n                \u001b[33mclass\u001b[39m=\u001b[32m\"px-2 py-0.5 bg-slate-100 rounded text-sm\"\u001b[39m\n              \u001b[36m>\u001b[39m\n                \u001b[0mchat\u001b[0m\n              \u001b[36m</span>\u001b[39m\n            \u001b[36m</div>\u001b[39m\n          \u001b[36m</div>\u001b[39m\n          \u001b[36m<div>\u001b[39m\n            \u001b[36m<label\u001b[39m\n              \u001b[33mclass\u001b[39m=\u001b[32m\"block mb-1 font-medium\"\u001b[39m\n            \u001b[36m>\u001b[39m\n              \u001b[0mErlaubte Aktionen\u001b[0m\n            \u001b[36m</label>\u001b[39m\n            \u001b[36m<div\u001b[39m\n              \u001b[33mclass\u001b[39m=\u001b[32m\"flex gap-2 flex-wrap\"\u001b[39m\n            \u001b[36m>\u001b[39m\n              \u001b[36m<span\u001b[39m\n                \u001b[33mclass\u001b[39m=\u001b[32m\"px-2 py-0.5 bg-slate-100 rounded text-sm\"\u001b[39m\n              \u001b[36m>\u001b[39m\n                \u001b[0medit\u001b[0m\n              \u001b[36m</span>\u001b[39m\n              \u001b[36m<span\u001b[39m\n                \u001b[33mclass\u001b[39m=\u001b[32m\"px-2 py-0.5 bg-slate-100 rounded text-sm\"\u001b[39m\n              \u001b[36m>\u001b[39m\n                \u001b[0mdelete\u001b[0m\n              \u001b[36m</span>\u001b[39m\n            \u001b[36m</div>\u001b[39m\n          \u001b[36m</div>\u001b[39m\n          \u001b[36m<div>\u001b[39m\n            \u001b[36m<label\u001b[39m\n              \u001b[33mclass\u001b[39m=\u001b[32m\"block mb-1 font-medium\"\u001b[39m\n            \u001b[36m>\u001b[39m\n              \u001b[0mFlags (read-only)\u001b[0m\n            \u001b[36m</label>\u001b[39m\n            \u001b[36m<div\u001b[39m\n              \u001b[33mclass\u001b[39m=\u001b[32m\"text-sm space-y-1\"\u001b[39m\n            \u001b[36m>\u001b[39m\n              \u001b[36m<div>\u001b[39m\n                \u001b[0mselectable: \u001b[0m\n                \u001b[0mfalse\u001b[0m\n              \u001b[36m</div>\u001b[39m\n              \u001b[36m<div>\u001b[39m\n                \u001b[0mdraggable: \u001b[0m\n                \u001b[0mfalse\u001b[0m\n              \u001b[36m</div>\u001b[39m\n              \u001b[36m<div>\u001b[39m\n                \u001b[0mdroppable: \u001b[0m\n                \u001b[0mfalse\u001b[0m\n              \u001b[36m</div>\u001b[39m\n              \u001b[36m<div>\u001b[39m\n                \u001b[0mexpandable: \u001b[0m\n                \u001b[0mfalse\u001b[0m\n              \u001b[36m</div>\u001b[39m\n            \u001b[36m</div>\u001b[39m\n          \u001b[36m</div>\u001b[39m\n          \u001b[36m<div\u001b[39m\n            \u001b[33mclass\u001b[39m=\u001b[32m\"pt-2\"\u001b[39m\n          \u001b[36m>\u001b[39m\n            \u001b[36m<label\u001b[39m\n              \u001b[33mclass\u001b[39m=\u001b[32m\"block font-medium mb-1\"\u001b[39m\n            \u001b[36m>\u001b[39m\n              \u001b[0mKindtypen f├╝r diesen Knoten einschr├ñnken\u001b[0m\n            \u001b[36m</label>\u001b[39m\n            \u001b[36m<div\u001b[39m\n              \u001b[33mclass\u001b[39m=\u001b[32m\"flex items-center gap-2\"\u001b[39m\n            \u001b[36m>\u001b[39m\n              \u001b[36m<input\u001b[39m\n                \u001b[33mid\u001b[39m=\u001b[32m\"useOverride\"\u001b[39m\n                \u001b[33mtype\u001b[39m=\u001b[32m\"checkbox\"\u001b[39m\n              \u001b[36m/>\u001b[39m\n              \u001b[36m<label\u001b[39m\n                \u001b[33mfor\u001b[39m=\u001b[32m\"useOverride\"\u001b[39m\n              \u001b[36m>\u001b[39m\n                \u001b[0mEigene Einschr├ñnkung verwenden\u001b[0m\n              \u001b[36m</label>\u001b[39m\n            \u001b[36m</div>\u001b[39m\n          \u001b[36m</div>\u001b[39m\n          \u001b[36m<div\u001b[39m\n            \u001b[33mclass\u001b[39m=\u001b[32m\"mt-2 text-red-700\"\u001b[39m\n          \u001b[36m>\u001b[39m\n            \u001b[36m<strong>\u001b[39m\n              \u001b[0mWarnung:\u001b[0m\n            \u001b[36m</strong>\u001b[39m\n            \u001b[0m Dieser Typwechsel w├╝rde inkompatible Kinder erzeugen:\u001b[0m\n            \u001b[36m<ul\u001b[39m\n              \u001b[33mclass\u001b[39m=\u001b[32m\"list-disc pl-6\"\u001b[39m\n            \u001b[36m>\u001b[39m\n              \u001b[36m<li>\u001b[39m\n                \u001b[0mChild B ÔÇö user\u001b[0m\n              \u001b[36m</li>\u001b[39m\n            \u001b[36m</ul>\u001b[39m\n          \u001b[36m</div>\u001b[39m\n        \u001b[36m</div>\u001b[39m\n        \u001b[36m<div\u001b[39m\n          \u001b[33mclass\u001b[39m=\u001b[32m\"flex gap-2 justify-end pt-2\"\u001b[39m\n        \u001b[36m>\u001b[39m\n          \u001b[36m<button\u001b[39m\n            \u001b[33mclass\u001b[39m=\u001b[32m\"px-3 py-1 border rounded\"\u001b[39m\n          \u001b[36m>\u001b[39m\n            \u001b[0mAbbrechen\u001b[0m\n          \u001b[36m</button>\u001b[39m\n          \u001b[36m<button\u001b[39m\n            \u001b[33mclass\u001b[39m=\u001b[32m\"px-3 py-1 bg-blue-600 text-white rounded\"\u001b[39m\n          \u001b[36m>\u001b[39m\n            \u001b[0mSpeichern\u001b[0m\n          \u001b[36m</button>\u001b[39m\n        \u001b[36m</div>\u001b[39m\n      \u001b[36m</div>\u001b[39m\n    \u001b[36m</div>\u001b[39m\n  \u001b[36m</div>\u001b[39m\n\u001b[36m</body>\u001b[39m\n    at Object.getElementError (F:\\Kernschmied\\frontend\\node_modules\\@testing-library\\dom\\dist\\config.js:37:19)\n    at getElementError (F:\\Kernschmied\\frontend\\node_modules\\@testing-library\\dom\\dist\\query-helpers.js:20:35)\n    at getMultipleElementsFoundError (F:\\Kernschmied\\frontend\\node_modules\\@testing-library\\dom\\dist\\query-helpers.js:23:10)\n    at F:\\Kernschmied\\frontend\\node_modules\\@testing-library\\dom\\dist\\query-helpers.js:55:13\n    at F:\\Kernschmied\\frontend\\node_modules\\@testing-library\\dom\\dist\\query-helpers.js:95:19\n    at F:\\Kernschmied\\frontend\\src\\components\\hierarchy\\__tests__\\NodeEditorDialog.spec.tsx:76:19\n    at file:///F:/Kernschmied/frontend/node_modules/@vitest/runner/dist/chunk-hooks.js:155:11\n    at file:///F:/Kernschmied/frontend/node_modules/@vitest/runner/dist/chunk-hooks.js:752:26\n    at file:///F:/Kernschmied/frontend/node_modules/@vitest/runner/dist/chunk-hooks.js:1897:20\n    at new Promise (<anonymous>)"],"meta":{}},{"ancestorTitles":["NodeEditorDialog ÔÇö Structure tab"],"fullName":"NodeEditorDialog ÔÇö Structure tab type change in General updates Structure preview immediately","status":"failed","title":"type change in General updates Structure preview immediately","duration":5.381599999999935,"failureMessages":["TestingLibraryElementError: Found a label with the text of: Typ, however no form control was found associated to that label. Make sure you're using the \"for\" attribute or \"aria-labelledby\" attribute correctly.\n\nIgnored nodes: comments, script, style\n\u001b[36m<body>\u001b[39m\n  \u001b[36m<div>\u001b[39m\n    \u001b[36m<div\u001b[39m\n      \u001b[33mclass\u001b[39m=\u001b[32m\"fixed inset-0 z-50 flex items-center justify-center\"\u001b[39m\n    \u001b[36m>\u001b[39m\n      \u001b[36m<div\u001b[39m\n        \u001b[33mclass\u001b[39m=\u001b[32m\"absolute inset-0 bg-black/40\"\u001b[39m\n      \u001b[36m/>\u001b[39m\n      \u001b[36m<div\u001b[39m\n        \u001b[33mclass\u001b[39m=\u001b[32m\"relative z-50 w-[90%] max-w-2xl rounded bg-white p-4 dark:bg-slate-900\"\u001b[39m\n      \u001b[36m>\u001b[39m\n        \u001b[36m<h2\u001b[39m\n          \u001b[33mclass\u001b[39m=\u001b[32m\"text-lg font-semibold mb-2\"\u001b[39m\n        \u001b[36m>\u001b[39m\n          \u001b[0mKnoten bearbeiten\u001b[0m\n        \u001b[36m</h2>\u001b[39m\n        \u001b[36m<div\u001b[39m\n          \u001b[33mclass\u001b[39m=\u001b[32m\"mb-3\"\u001b[39m\n        \u001b[36m>\u001b[39m\n          \u001b[36m<nav\u001b[39m\n            \u001b[33mclass\u001b[39m=\u001b[32m\"flex gap-2\"\u001b[39m\n          \u001b[36m>\u001b[39m\n            \u001b[36m<button\u001b[39m\n              \u001b[33mclass\u001b[39m=\u001b[32m\"px-3 py-1 rounded bg-slate-200\"\u001b[39m\n            \u001b[36m>\u001b[39m\n              \u001b[0mAllgemein\u001b[0m\n            \u001b[36m</button>\u001b[39m\n            \u001b[36m<button\u001b[39m\n              \u001b[33mclass\u001b[39m=\u001b[32m\"px-3 py-1 rounded \"\u001b[39m\n            \u001b[36m>\u001b[39m\n              \u001b[0mStruktur\u001b[0m\n            \u001b[36m</button>\u001b[39m\n          \u001b[36m</nav>\u001b[39m\n        \u001b[36m</div>\u001b[39m\n        \u001b[36m<div\u001b[39m\n          \u001b[33mclass\u001b[39m=\u001b[32m\"space-y-3\"\u001b[39m\n        \u001b[36m>\u001b[39m\n          \u001b[36m<div>\u001b[39m\n            \u001b[36m<label\u001b[39m\n              \u001b[33mclass\u001b[39m=\u001b[32m\"block mb-1\"\u001b[39m\n            \u001b[36m>\u001b[39m\n              \u001b[0mName\u001b[0m\n            \u001b[36m</label>\u001b[39m\n            \u001b[36m<input\u001b[39m\n              \u001b[33mclass\u001b[39m=\u001b[32m\"w-full border px-2 py-1\"\u001b[39m\n              \u001b[33mvalue\u001b[39m=\u001b[32m\"Node One\"\u001b[39m\n            \u001b[36m/>\u001b[39m\n          \u001b[36m</div>\u001b[39m\n          \u001b[36m<div>\u001b[39m\n            \u001b[36m<label\u001b[39m\n              \u001b[33mclass\u001b[39m=\u001b[32m\"block mb-1\"\u001b[39m\n            \u001b[36m>\u001b[39m\n              \u001b[0mTyp\u001b[0m\n            \u001b[36m</label>\u001b[39m\n            \u001b[36m<select\u001b[39m\n              \u001b[33mclass\u001b[39m=\u001b[32m\"w-full border px-2 py-1\"\u001b[39m\n            \u001b[36m>\u001b[39m\n              \u001b[36m<option\u001b[39m\n                \u001b[33mvalue\u001b[39m=\u001b[32m\"workspace\"\u001b[39m\n              \u001b[36m>\u001b[39m\n                \u001b[0mWorkspace\u001b[0m\n              \u001b[36m</option>\u001b[39m\n              \u001b[36m<option\u001b[39m\n                \u001b[33mvalue\u001b[39m=\u001b[32m\"project\"\u001b[39m\n              \u001b[36m>\u001b[39m\n                \u001b[0mProject\u001b[0m\n              \u001b[36m</option>\u001b[39m\n              \u001b[36m<option\u001b[39m\n                \u001b[33mvalue\u001b[39m=\u001b[32m\"chat\"\u001b[39m\n              \u001b[36m>\u001b[39m\n                \u001b[0mChat\u001b[0m\n              \u001b[36m</option>\u001b[39m\n              \u001b[36m<option\u001b[39m\n                \u001b[33mvalue\u001b[39m=\u001b[32m\"user\"\u001b[39m\n              \u001b[36m>\u001b[39m\n                \u001b[0mUser\u001b[0m\n              \u001b[36m</option>\u001b[39m\n            \u001b[36m</select>\u001b[39m\n          \u001b[36m</div>\u001b[39m\n        \u001b[36m</div>\u001b[39m\n        \u001b[36m<div\u001b[39m\n          \u001b[33mclass\u001b[39m=\u001b[32m\"flex gap-2 justify-end pt-2\"\u001b[39m\n        \u001b[36m>\u001b[39m\n          \u001b[36m<button\u001b[39m\n            \u001b[33mclass\u001b[39m=\u001b[32m\"px-3 py-1 border rounded\"\u001b[39m\n          \u001b[36m>\u001b[39m\n            \u001b[0mAbbrechen\u001b[0m\n          \u001b[36m</button>\u001b[39m\n          \u001b[36m<button\u001b[39m\n            \u001b[33mclass\u001b[39m=\u001b[32m\"px-3 py-1 bg-blue-600 text-white rounded\"\u001b[39m\n          \u001b[36m>\u001b[39m\n            \u001b[0mSpeichern\u001b[0m\n          \u001b[36m</button>\u001b[39m\n        \u001b[36m</div>\u001b[39m\n      \u001b[36m</div>\u001b[39m\n    \u001b[36m</div>\u001b[39m\n  \u001b[36m</div>\u001b[39m\n\u001b[36m</body>\u001b[39m\n    at Object.getElementError (F:\\Kernschmied\\frontend\\node_modules\\@testing-library\\dom\\dist\\config.js:37:19)\n    at getAllByLabelText (F:\\Kernschmied\\frontend\\node_modules\\@testing-library\\dom\\dist\\queries\\label-text.js:108:40)\n    at F:\\Kernschmied\\frontend\\node_modules\\@testing-library\\dom\\dist\\query-helpers.js:52:17\n    at F:\\Kernschmied\\frontend\\node_modules\\@testing-library\\dom\\dist\\query-helpers.js:95:19\n    at F:\\Kernschmied\\frontend\\src\\components\\hierarchy\\__tests__\\NodeEditorDialog.spec.tsx:85:29\n    at file:///F:/Kernschmied/frontend/node_modules/@vitest/runner/dist/chunk-hooks.js:155:11\n    at file:///F:/Kernschmied/frontend/node_modules/@vitest/runner/dist/chunk-hooks.js:752:26\n    at file:///F:/Kernschmied/frontend/node_modules/@vitest/runner/dist/chunk-hooks.js:1897:20\n    at new Promise (<anonymous>)\n    at runWithTimeout (file:///F:/Kernschmied/frontend/node_modules/@vitest/runner/dist/chunk-hooks.js:1863:10)"],"meta":{}},{"ancestorTitles":["NodeEditorDialog ÔÇö Structure tab"],"fullName":"NodeEditorDialog ÔÇö Structure tab shows incompatible children when new type disallows them","status":"failed","title":"shows incompatible children when new type disallows them","duration":4.7345000000000255,"failureMessages":["TestingLibraryElementError: Found a label with the text of: Typ, however no form control was found associated to that label. Make sure you're using the \"for\" attribute or \"aria-labelledby\" attribute correctly.\n\nIgnored nodes: comments, script, style\n\u001b[36m<body>\u001b[39m\n  \u001b[36m<div>\u001b[39m\n    \u001b[36m<div\u001b[39m\n      \u001b[33mclass\u001b[39m=\u001b[32m\"fixed inset-0 z-50 flex items-center justify-center\"\u001b[39m\n    \u001b[36m>\u001b[39m\n      \u001b[36m<div\u001b[39m\n        \u001b[33mclass\u001b[39m=\u001b[32m\"absolute inset-0 bg-black/40\"\u001b[39m\n      \u001b[36m/>\u001b[39m\n      \u001b[36m<div\u001b[39m\n        \u001b[33mclass\u001b[39m=\u001b[32m\"relative z-50 w-[90%] max-w-2xl rounded bg-white p-4 dark:bg-slate-900\"\u001b[39m\n      \u001b[36m>\u001b[39m\n        \u001b[36m<h2\u001b[39m\n          \u001b[33mclass\u001b[39m=\u001b[32m\"text-lg font-semibold mb-2\"\u001b[39m\n        \u001b[36m>\u001b[39m\n          \u001b[0mKnoten bearbeiten\u001b[0m\n        \u001b[36m</h2>\u001b[39m\n        \u001b[36m<div\u001b[39m\n          \u001b[33mclass\u001b[39m=\u001b[32m\"mb-3\"\u001b[39m\n        \u001b[36m>\u001b[39m\n          \u001b[36m<nav\u001b[39m\n            \u001b[33mclass\u001b[39m=\u001b[32m\"flex gap-2\"\u001b[39m\n          \u001b[36m>\u001b[39m\n            \u001b[36m<button\u001b[39m\n              \u001b[33mclass\u001b[39m=\u001b[32m\"px-3 py-1 rounded bg-slate-200\"\u001b[39m\n            \u001b[36m>\u001b[39m\n              \u001b[0mAllgemein\u001b[0m\n            \u001b[36m</button>\u001b[39m\n            \u001b[36m<button\u001b[39m\n              \u001b[33mclass\u001b[39m=\u001b[32m\"px-3 py-1 rounded \"\u001b[39m\n            \u001b[36m>\u001b[39m\n              \u001b[0mStruktur\u001b[0m\n            \u001b[36m</button>\u001b[39m\n          \u001b[36m</nav>\u001b[39m\n        \u001b[36m</div>\u001b[39m\n        \u001b[36m<div\u001b[39m\n          \u001b[33mclass\u001b[39m=\u001b[32m\"space-y-3\"\u001b[39m\n        \u001b[36m>\u001b[39m\n          \u001b[36m<div>\u001b[39m\n            \u001b[36m<label\u001b[39m\n              \u001b[33mclass\u001b[39m=\u001b[32m\"block mb-1\"\u001b[39m\n            \u001b[36m>\u001b[39m\n              \u001b[0mName\u001b[0m\n            \u001b[36m</label>\u001b[39m\n            \u001b[36m<input\u001b[39m\n              \u001b[33mclass\u001b[39m=\u001b[32m\"w-full border px-2 py-1\"\u001b[39m\n              \u001b[33mvalue\u001b[39m=\u001b[32m\"Node One\"\u001b[39m\n            \u001b[36m/>\u001b[39m\n          \u001b[36m</div>\u001b[39m\n          \u001b[36m<div>\u001b[39m\n            \u001b[36m<label\u001b[39m\n              \u001b[33mclass\u001b[39m=\u001b[32m\"block mb-1\"\u001b[39m\n            \u001b[36m>\u001b[39m\n              \u001b[0mTyp\u001b[0m\n            \u001b[36m</label>\u001b[39m\n            \u001b[36m<select\u001b[39m\n              \u001b[33mclass\u001b[39m=\u001b[32m\"w-full border px-2 py-1\"\u001b[39m\n            \u001b[36m>\u001b[39m\n              \u001b[36m<option\u001b[39m\n                \u001b[33mvalue\u001b[39m=\u001b[32m\"workspace\"\u001b[39m\n              \u001b[36m>\u001b[39m\n                \u001b[0mWorkspace\u001b[0m\n              \u001b[36m</option>\u001b[39m\n              \u001b[36m<option\u001b[39m\n                \u001b[33mvalue\u001b[39m=\u001b[32m\"project\"\u001b[39m\n              \u001b[36m>\u001b[39m\n                \u001b[0mProject\u001b[0m\n              \u001b[36m</option>\u001b[39m\n              \u001b[36m<option\u001b[39m\n                \u001b[33mvalue\u001b[39m=\u001b[32m\"chat\"\u001b[39m\n              \u001b[36m>\u001b[39m\n                \u001b[0mChat\u001b[0m\n              \u001b[36m</option>\u001b[39m\n              \u001b[36m<option\u001b[39m\n                \u001b[33mvalue\u001b[39m=\u001b[32m\"user\"\u001b[39m\n              \u001b[36m>\u001b[39m\n                \u001b[0mUser\u001b[0m\n              \u001b[36m</option>\u001b[39m\n            \u001b[36m</select>\u001b[39m\n          \u001b[36m</div>\u001b[39m\n        \u001b[36m</div>\u001b[39m\n        \u001b[36m<div\u001b[39m\n          \u001b[33mclass\u001b[39m=\u001b[32m\"flex gap-2 justify-end pt-2\"\u001b[39m\n        \u001b[36m>\u001b[39m\n          \u001b[36m<button\u001b[39m\n            \u001b[33mclass\u001b[39m=\u001b[32m\"px-3 py-1 border rounded\"\u001b[39m\n          \u001b[36m>\u001b[39m\n            \u001b[0mAbbrechen\u001b[0m\n          \u001b[36m</button>\u001b[39m\n          \u001b[36m<button\u001b[39m\n            \u001b[33mclass\u001b[39m=\u001b[32m\"px-3 py-1 bg-blue-600 text-white rounded\"\u001b[39m\n          \u001b[36m>\u001b[39m\n            \u001b[0mSpeichern\u001b[0m\n          \u001b[36m</button>\u001b[39m\n        \u001b[36m</div>\u001b[39m\n      \u001b[36m</div>\u001b[39m\n    \u001b[36m</div>\u001b[39m\n  \u001b[36m</div>\u001b[39m\n\u001b[36m</body>\u001b[39m\n    at Object.getElementError (F:\\Kernschmied\\frontend\\node_modules\\@testing-library\\dom\\dist\\config.js:37:19)\n    at getAllByLabelText (F:\\Kernschmied\\frontend\\node_modules\\@testing-library\\dom\\dist\\queries\\label-text.js:108:40)\n    at F:\\Kernschmied\\frontend\\node_modules\\@testing-library\\dom\\dist\\query-helpers.js:52:17\n    at F:\\Kernschmied\\frontend\\node_modules\\@testing-library\\dom\\dist\\query-helpers.js:95:19\n    at F:\\Kernschmied\\frontend\\src\\components\\hierarchy\\__tests__\\NodeEditorDialog.spec.tsx:96:29\n    at file:///F:/Kernschmied/frontend/node_modules/@vitest/runner/dist/chunk-hooks.js:155:11\n    at file:///F:/Kernschmied/frontend/node_modules/@vitest/runner/dist/chunk-hooks.js:752:26\n    at file:///F:/Kernschmied/frontend/node_modules/@vitest/runner/dist/chunk-hooks.js:1897:20\n    at new Promise (<anonymous>)\n    at runWithTimeout (file:///F:/Kernschmied/frontend/node_modules/@vitest/runner/dist/chunk-hooks.js:1863:10)"],"meta":{}},{"ancestorTitles":["NodeEditorDialog ÔÇö Structure tab"],"fullName":"NodeEditorDialog ÔÇö Structure tab allows local override to narrow allowed_child_types and prevents extension","status":"failed","title":"allows local override to narrow allowed_child_types and prevents extension","duration":10.142900000000054,"failureMessages":["Error: Invalid Chai property: toBeInTheDocument\n    at Object.proxyGetter [as get] (file:///F:/Kernschmied/frontend/node_modules/chai/index.js:1639:17)\n    at F:\\Kernschmied\\frontend\\src\\components\\hierarchy\\__tests__\\NodeEditorDialog.spec.tsx:110:40\n    at file:///F:/Kernschmied/frontend/node_modules/@vitest/runner/dist/chunk-hooks.js:155:11\n    at file:///F:/Kernschmied/frontend/node_modules/@vitest/runner/dist/chunk-hooks.js:752:26\n    at file:///F:/Kernschmied/frontend/node_modules/@vitest/runner/dist/chunk-hooks.js:1897:20\n    at new Promise (<anonymous>)\n    at runWithTimeout (file:///F:/Kernschmied/frontend/node_modules/@vitest/runner/dist/chunk-hooks.js:1863:10)\n    at runTest (file:///F:/Kernschmied/frontend/node_modules/@vitest/runner/dist/chunk-hooks.js:1574:12)\n    at processTicksAndRejections (node:internal/process/task_queues:105:5)\n    at runSuite (file:///F:/Kernschmied/frontend/node_modules/@vitest/runner/dist/chunk-hooks.js:1729:8)"],"meta":{}},{"ancestorTitles":["NodeEditorDialog ÔÇö Structure tab"],"fullName":"NodeEditorDialog ÔÇö Structure tab sends metadata.hierarchy.allowed_child_types on save when override is used and preserves other metadata","status":"failed","title":"sends metadata.hierarchy.allowed_child_types on save when override is used and preserves other metadata","duration":16.826099999999997,"failureMessages":["AssertionError: expected undefined to be defined\n    at F:\\Kernschmied\\frontend\\src\\components\\hierarchy\\__tests__\\NodeEditorDialog.spec.tsx:129:33\n    at file:///F:/Kernschmied/frontend/node_modules/@vitest/runner/dist/chunk-hooks.js:752:20"],"meta":{}},{"ancestorTitles":["NodeEditorDialog ÔÇö Structure tab"],"fullName":"NodeEditorDialog ÔÇö Structure tab prompts on discard when dirty and honors cancel/confirm","status":"failed","title":"prompts on discard when dirty and honors cancel/confirm","duration":3.000099999999975,"failureMessages":["TestingLibraryElementError: Found a label with the text of: Name, however no form control was found associated to that label. Make sure you're using the \"for\" attribute or \"aria-labelledby\" attribute correctly.\n\nIgnored nodes: comments, script, style\n\u001b[36m<body>\u001b[39m\n  \u001b[36m<div>\u001b[39m\n    \u001b[36m<div\u001b[39m\n      \u001b[33mclass\u001b[39m=\u001b[32m\"fixed inset-0 z-50 flex items-center justify-center\"\u001b[39m\n    \u001b[36m>\u001b[39m\n      \u001b[36m<div\u001b[39m\n        \u001b[33mclass\u001b[39m=\u001b[32m\"absolute inset-0 bg-black/40\"\u001b[39m\n      \u001b[36m/>\u001b[39m\n      \u001b[36m<div\u001b[39m\n        \u001b[33mclass\u001b[39m=\u001b[32m\"relative z-50 w-[90%] max-w-2xl rounded bg-white p-4 dark:bg-slate-900\"\u001b[39m\n      \u001b[36m>\u001b[39m\n        \u001b[36m<h2\u001b[39m\n          \u001b[33mclass\u001b[39m=\u001b[32m\"text-lg font-semibold mb-2\"\u001b[39m\n        \u001b[36m>\u001b[39m\n          \u001b[0mKnoten bearbeiten\u001b[0m\n        \u001b[36m</h2>\u001b[39m\n        \u001b[36m<div\u001b[39m\n          \u001b[33mclass\u001b[39m=\u001b[32m\"mb-3\"\u001b[39m\n        \u001b[36m>\u001b[39m\n          \u001b[36m<nav\u001b[39m\n            \u001b[33mclass\u001b[39m=\u001b[32m\"flex gap-2\"\u001b[39m\n          \u001b[36m>\u001b[39m\n            \u001b[36m<button\u001b[39m\n              \u001b[33mclass\u001b[39m=\u001b[32m\"px-3 py-1 rounded bg-slate-200\"\u001b[39m\n            \u001b[36m>\u001b[39m\n              \u001b[0mAllgemein\u001b[0m\n            \u001b[36m</button>\u001b[39m\n            \u001b[36m<button\u001b[39m\n              \u001b[33mclass\u001b[39m=\u001b[32m\"px-3 py-1 rounded \"\u001b[39m\n            \u001b[36m>\u001b[39m\n              \u001b[0mStruktur\u001b[0m\n            \u001b[36m</button>\u001b[39m\n          \u001b[36m</nav>\u001b[39m\n        \u001b[36m</div>\u001b[39m\n        \u001b[36m<div\u001b[39m\n          \u001b[33mclass\u001b[39m=\u001b[32m\"space-y-3\"\u001b[39m\n        \u001b[36m>\u001b[39m\n          \u001b[36m<div>\u001b[39m\n            \u001b[36m<label\u001b[39m\n              \u001b[33mclass\u001b[39m=\u001b[32m\"block mb-1\"\u001b[39m\n            \u001b[36m>\u001b[39m\n              \u001b[0mName\u001b[0m\n            \u001b[36m</label>\u001b[39m\n            \u001b[36m<input\u001b[39m\n              \u001b[33mclass\u001b[39m=\u001b[32m\"w-full border px-2 py-1\"\u001b[39m\n              \u001b[33mvalue\u001b[39m=\u001b[32m\"Node One\"\u001b[39m\n            \u001b[36m/>\u001b[39m\n          \u001b[36m</div>\u001b[39m\n          \u001b[36m<div>\u001b[39m\n            \u001b[36m<label\u001b[39m\n              \u001b[33mclass\u001b[39m=\u001b[32m\"block mb-1\"\u001b[39m\n            \u001b[36m>\u001b[39m\n              \u001b[0mTyp\u001b[0m\n            \u001b[36m</label>\u001b[39m\n            \u001b[36m<select\u001b[39m\n              \u001b[33mclass\u001b[39m=\u001b[32m\"w-full border px-2 py-1\"\u001b[39m\n            \u001b[36m>\u001b[39m\n              \u001b[36m<option\u001b[39m\n                \u001b[33mvalue\u001b[39m=\u001b[32m\"workspace\"\u001b[39m\n              \u001b[36m>\u001b[39m\n                \u001b[0mWorkspace\u001b[0m\n              \u001b[36m</option>\u001b[39m\n              \u001b[36m<option\u001b[39m\n                \u001b[33mvalue\u001b[39m=\u001b[32m\"project\"\u001b[39m\n              \u001b[36m>\u001b[39m\n                \u001b[0mProject\u001b[0m\n              \u001b[36m</option>\u001b[39m\n              \u001b[36m<option\u001b[39m\n                \u001b[33mvalue\u001b[39m=\u001b[32m\"chat\"\u001b[39m\n              \u001b[36m>\u001b[39m\n                \u001b[0mChat\u001b[0m\n              \u001b[36m</option>\u001b[39m\n              \u001b[36m<option\u001b[39m\n                \u001b[33mvalue\u001b[39m=\u001b[32m\"user\"\u001b[39m\n              \u001b[36m>\u001b[39m\n                \u001b[0mUser\u001b[0m\n              \u001b[36m</option>\u001b[39m\n            \u001b[36m</select>\u001b[39m\n          \u001b[36m</div>\u001b[39m\n        \u001b[36m</div>\u001b[39m\n        \u001b[36m<div\u001b[39m\n          \u001b[33mclass\u001b[39m=\u001b[32m\"flex gap-2 justify-end pt-2\"\u001b[39m\n        \u001b[36m>\u001b[39m\n          \u001b[36m<button\u001b[39m\n            \u001b[33mclass\u001b[39m=\u001b[32m\"px-3 py-1 border rounded\"\u001b[39m\n          \u001b[36m>\u001b[39m\n            \u001b[0mAbbrechen\u001b[0m\n          \u001b[36m</button>\u001b[39m\n          \u001b[36m<button\u001b[39m\n            \u001b[33mclass\u001b[39m=\u001b[32m\"px-3 py-1 bg-blue-600 text-white rounded\"\u001b[39m\n          \u001b[36m>\u001b[39m\n            \u001b[0mSpeichern\u001b[0m\n          \u001b[36m</button>\u001b[39m\n        \u001b[36m</div>\u001b[39m\n      \u001b[36m</div>\u001b[39m\n    \u001b[36m</div>\u001b[39m\n  \u001b[36m</div>\u001b[39m\n\u001b[36m</body>\u001b[39m\n    at Object.getElementError (F:\\Kernschmied\\frontend\\node_modules\\@testing-library\\dom\\dist\\config.js:37:19)\n    at getAllByLabelText (F:\\Kernschmied\\frontend\\node_modules\\@testing-library\\dom\\dist\\queries\\label-text.js:108:40)\n    at F:\\Kernschmied\\frontend\\node_modules\\@testing-library\\dom\\dist\\query-helpers.js:52:17\n    at F:\\Kernschmied\\frontend\\node_modules\\@testing-library\\dom\\dist\\query-helpers.js:95:19\n    at F:\\Kernschmied\\frontend\\src\\components\\hierarchy\\__tests__\\NodeEditorDialog.spec.tsx:139:30\n    at file:///F:/Kernschmied/frontend/node_modules/@vitest/runner/dist/chunk-hooks.js:155:11\n    at file:///F:/Kernschmied/frontend/node_modules/@vitest/runner/dist/chunk-hooks.js:752:26\n    at file:///F:/Kernschmied/frontend/node_modules/@vitest/runner/dist/chunk-hooks.js:1897:20\n    at new Promise (<anonymous>)\n    at runWithTimeout (file:///F:/Kernschmied/frontend/node_modules/@vitest/runner/dist/chunk-hooks.js:1863:10)"],"meta":{}},{"ancestorTitles":["NodeEditorDialog ÔÇö Structure tab"],"fullName":"NodeEditorDialog ÔÇö Structure tab displays structured backend type-change error nicely","status":"failed","title":"displays structured backend type-change error nicely","duration":7.88779999999997,"failureMessages":["Error: Invalid Chai property: toBeInTheDocument\n    at Object.proxyGetter [as get] (file:///F:/Kernschmied/frontend/node_modules/chai/index.js:1639:17)\n    at F:\\Kernschmied\\frontend\\src\\components\\hierarchy\\__tests__\\NodeEditorDialog.spec.tsx:160:63\n    at file:///F:/Kernschmied/frontend/node_modules/@vitest/runner/dist/chunk-hooks.js:752:20"],"meta":{}}],"startTime":1786462550647,"endTime":1786462550737.8877,"status":"failed","message":"","name":"F:/Kernschmied/frontend/src/components/hierarchy/__tests__/NodeEditorDialog.spec.tsx"},{"assertionResults":[{"ancestorTitles":["sendSelectedDateIfOptIn opt-in behavior"],"fullName":"sendSelectedDateIfOptIn opt-in behavior does not call fetch when opt-in is false","status":"passed","title":"does not call fetch when opt-in is false","duration":1.5210000000000719,"failureMessages":[],"meta":{}},{"ancestorTitles":["sendSelectedDateIfOptIn opt-in behavior"],"fullName":"sendSelectedDateIfOptIn opt-in behavior calls fetch when opt-in is true","status":"passed","title":"calls fetch when opt-in is true","duration":0.7391999999999825,"failureMessages":[],"meta":{}}],"startTime":1786462550469,"endTime":1786462550470.7393,"status":"passed","message":"","name":"F:/Kernschmied/frontend/src/components/layout/__tests__/AppFooter.spec.tsx"},{"assertionResults":[{"ancestorTitles":[],"fullName":"SettingsToolbar calls handlers","status":"failed","title":"SettingsToolbar calls handlers","duration":2.7035999999999376,"failureMessages":["ReferenceError: jest is not defined\n    at F:\\Kernschmied\\frontend\\src\\components\\settings\\__tests__\\SettingsToolbar.test.tsx:6:18\n    at file:///F:/Kernschmied/frontend/node_modules/@vitest/runner/dist/chunk-hooks.js:155:11\n    at file:///F:/Kernschmied/frontend/node_modules/@vitest/runner/dist/chunk-hooks.js:752:26\n    at file:///F:/Kernschmied/frontend/node_modules/@vitest/runner/dist/chunk-hooks.js:1897:20\n    at new Promise (<anonymous>)\n    at runWithTimeout (file:///F:/Kernschmied/frontend/node_modules/@vitest/runner/dist/chunk-hooks.js:1863:10)\n    at runTest (file:///F:/Kernschmied/frontend/node_modules/@vitest/runner/dist/chunk-hooks.js:1574:12)\n    at processTicksAndRejections (node:internal/process/task_queues:105:5)\n    at runSuite (file:///F:/Kernschmied/frontend/node_modules/@vitest/runner/dist/chunk-hooks.js:1729:8)\n    at runFiles (file:///F:/Kernschmied/frontend/node_modules/@vitest/runner/dist/chunk-hooks.js:1787:3)"],"meta":{}}],"startTime":1786462550635,"endTime":1786462550637.7036,"status":"failed","message":"","name":"F:/Kernschmied/frontend/src/components/settings/__tests__/SettingsToolbar.test.tsx"}]}
