{"numTotalTestSuites":5,"numPassedTestSuites":5,"numFailedTestSuites":0,"numPendingTestSuites":0,"numTotalTests":12,"numPassedTests":12,"numFailedTests":0,"numPendingTests":0,"numTodoTests":0,"snapshot":{"added":0,"failure":false,"filesAdded":0,"filesRemoved":0,"filesRemovedList":[],"filesUnmatched":0,"filesUpdated":0,"matched":0,"total":0,"unchecked":0,"uncheckedKeysByFile":[],"unmatched":0,"updated":0,"didUpdate":false},"startTime":1786463133413,"success":true,"testResults":[{"assertionResults":[{"ancestorTitles":["sendSelectedDateIfOptIn opt-in behavior"],"fullName":"sendSelectedDateIfOptIn opt-in behavior does not call fetch when opt-in is false","status":"passed","title":"does not call fetch when opt-in is false","duration":1.4850999999999885,"failureMessages":[],"meta":{}},{"ancestorTitles":["sendSelectedDateIfOptIn opt-in behavior"],"fullName":"sendSelectedDateIfOptIn opt-in behavior calls fetch when opt-in is true","status":"passed","title":"calls fetch when opt-in is true","duration":0.7380000000000564,"failureMessages":[],"meta":{}}],"startTime":1786463134133,"endTime":1786463134134.738,"status":"passed","message":"","name":"F:/Kernschmied/frontend/src/components/layout/__tests__/AppFooter.spec.tsx"},{"assertionResults":[{"ancestorTitles":["NodeEditorDialog ÔÇö Structure tab"],"fullName":"NodeEditorDialog ÔÇö Structure tab displays parent info","status":"passed","title":"displays parent info","duration":35.041900000000055,"failureMessages":[],"meta":{}},{"ancestorTitles":["NodeEditorDialog ÔÇö Structure tab"],"fullName":"NodeEditorDialog ÔÇö Structure tab root case shows no parent","status":"passed","title":"root case shows no parent","duration":5.299900000000093,"failureMessages":[],"meta":{}},{"ancestorTitles":["NodeEditorDialog ÔÇö Structure tab"],"fullName":"NodeEditorDialog ÔÇö Structure tab shows allowed_child_types from schema","status":"passed","title":"shows allowed_child_types from schema","duration":8.01419999999996,"failureMessages":[],"meta":{}},{"ancestorTitles":["NodeEditorDialog ÔÇö Structure tab"],"fullName":"NodeEditorDialog ÔÇö Structure tab type change in General updates Structure preview immediately","status":"passed","title":"type change in General updates Structure preview immediately","duration":31.29970000000003,"failureMessages":[],"meta":{}},{"ancestorTitles":["NodeEditorDialog ÔÇö Structure tab"],"fullName":"NodeEditorDialog ÔÇö Structure tab shows incompatible children when new type disallows them","status":"passed","title":"shows incompatible children when new type disallows them","duration":25.132199999999898,"failureMessages":[],"meta":{}},{"ancestorTitles":["NodeEditorDialog ÔÇö Structure tab"],"fullName":"NodeEditorDialog ÔÇö Structure tab allows local override to narrow allowed_child_types and prevents extension","status":"passed","title":"allows local override to narrow allowed_child_types and prevents extension","duration":9.44870000000003,"failureMessages":[],"meta":{}},{"ancestorTitles":["NodeEditorDialog ÔÇö Structure tab"],"fullName":"NodeEditorDialog ÔÇö Structure tab sends metadata.hierarchy.allowed_child_types on save when override is used and preserves other metadata","status":"passed","title":"sends metadata.hierarchy.allowed_child_types on save when override is used and preserves other metadata","duration":10.231400000000008,"failureMessages":[],"meta":{}},{"ancestorTitles":["NodeEditorDialog ÔÇö Structure tab"],"fullName":"NodeEditorDialog ÔÇö Structure tab prompts on discard when dirty and honors cancel/confirm","status":"passed","title":"prompts on discard when dirty and honors cancel/confirm","duration":5.645200000000045,"failureMessages":[],"meta":{}},{"ancestorTitles":["NodeEditorDialog ÔÇö Structure tab"],"fullName":"NodeEditorDialog ÔÇö Structure tab displays structured backend type-change error nicely","status":"passed","title":"displays structured backend type-change error nicely","duration":7.521799999999985,"failureMessages":[],"meta":{}}],"startTime":1786463134332,"endTime":1786463134469.5217,"status":"passed","message":"","name":"F:/Kernschmied/frontend/src/components/hierarchy/__tests__/NodeEditorDialog.spec.tsx"},{"assertionResults":[{"ancestorTitles":[],"fullName":"SettingsToolbar calls handlers","status":"passed","title":"SettingsToolbar calls handlers","duration":23.0397999999999,"failureMessages":[],"meta":{}}],"startTime":1786463134283,"endTime":1786463134306.0398,"status":"passed","message":"","name":"F:/Kernschmied/frontend/src/components/settings/__tests__/SettingsToolbar.test.tsx"}]}
