COMMAND: python -m pytest -ra --strict-markers --strict-config
WORKING DIRECTORY: F:\Kernschmied
EXIT CODE: 5

============================= test session starts =============================
platform win32 -- Python 3.12.10, pytest-9.1.1, pluggy-1.6.0
rootdir: F:\Kernschmied
configfile: pyproject.toml
plugins: anyio-4.14.2, asyncio-1.4.0, cov-7.1.0
asyncio: mode=Mode.STRICT, debug=False, asyncio_default_fixture_loop_scope=None, asyncio_default_test_loop_scope=function
collected 0 items

============================ no tests ran in 0.04s ============================
